{"/Users/joshbryson/react_testing/flashcardpro/src/index.js": {"path":"/Users/joshbryson/react_testing/flashcardpro/src/index.js","statementMap":{"0":{"start":{"line":1,"column":32},"end":{"line":1,"column":91}},"1":{"start":{"line":1,"column":105},"end":{"line":1,"column":121}},"2":{"start":{"line":1,"column":136},"end":{"line":1,"column":166}},"3":{"start":{"line":2,"column":16},"end":{"line":2,"column":36}},"4":{"start":{"line":2,"column":54},"end":{"line":2,"column":87}},"5":{"start":{"line":3,"column":13},"end":{"line":3,"column":29}},"6":{"start":{"line":4,"column":22},"end":{"line":4,"column":49}},"7":{"start":{"line":5,"column":18},"end":{"line":5,"column":40}},"8":{"start":{"line":6,"column":16},"end":{"line":6,"column":37}},"9":{"start":{"line":6,"column":55},"end":{"line":6,"column":88}},"10":{"start":{"line":7,"column":11},"end":{"line":7,"column":38}},"11":{"start":{"line":7,"column":51},"end":{"line":7,"column":79}},"12":{"start":{"line":8,"column":13},"end":{"line":8,"column":42}},"13":{"start":{"line":8,"column":57},"end":{"line":8,"column":87}},"14":{"start":{"line":9,"column":17},"end":{"line":9,"column":50}},"15":{"start":{"line":9,"column":69},"end":{"line":9,"column":103}},"16":{"start":{"line":10,"column":15},"end":{"line":10,"column":35}},"17":{"start":{"line":11,"column":0},"end":{"line":11,"column":23}},"18":{"start":{"line":11,"column":61},"end":{"line":11,"column":115}},"19":{"start":{"line":13,"column":14},"end":{"line":13,"column":57}},"20":{"start":{"line":14,"column":0},"end":{"line":14,"column":62}},"21":{"start":{"line":14,"column":22},"end":{"line":14,"column":60}},"22":{"start":{"line":15,"column":0},"end":{"line":15,"column":79}},"23":{"start":{"line":17,"column":0},"end":{"line":27,"column":33}}},"fnMap":{"0":{"name":"_interopRequireDefault","decl":{"start":{"line":11,"column":32},"end":{"line":11,"column":54}},"loc":{"start":{"line":11,"column":60},"end":{"line":11,"column":116}},"line":11},"1":{"name":"(anonymous_1)","decl":{"start":{"line":14,"column":16},"end":{"line":14,"column":17}},"loc":{"start":{"line":14,"column":22},"end":{"line":14,"column":60}},"line":14}},"branchMap":{"0":{"loc":{"start":{"line":11,"column":68},"end":{"line":11,"column":114}},"type":"cond-expr","locations":[{"start":{"line":11,"column":92},"end":{"line":11,"column":95}},{"start":{"line":11,"column":98},"end":{"line":11,"column":114}}],"line":11},"1":{"loc":{"start":{"line":11,"column":68},"end":{"line":11,"column":89}},"type":"binary-expr","locations":[{"start":{"line":11,"column":68},"end":{"line":11,"column":71}},{"start":{"line":11,"column":75},"end":{"line":11,"column":89}}],"line":11}},"s":{"0":0,"1":0,"2":0,"3":0,"4":0,"5":0,"6":0,"7":0,"8":0,"9":0,"10":0,"11":0,"12":0,"13":0,"14":0,"15":0,"16":0,"17":0,"18":0,"19":0,"20":0,"21":0,"22":0,"23":0},"f":{"0":0,"1":0},"b":{"0":[0,0],"1":[0,0]}}
,"/Users/joshbryson/react_testing/flashcardpro/src/setupTests.js": {"path":"/Users/joshbryson/react_testing/flashcardpro/src/setupTests.js","statementMap":{"0":{"start":{"line":6,"column":0},"end":{"line":6,"column":69}}},"fnMap":{},"branchMap":{},"s":{"0":7},"f":{},"b":{},"_coverageSchema":"332fd63041d2c1bcb487cc26dd0d5f7d97098a6c","hash":"ef731823a548571da22c22208b6e8cd20f6c9bcf"}
,"/Users/joshbryson/react_testing/flashcardpro/src/tempPolyfills.js": {"path":"/Users/joshbryson/react_testing/flashcardpro/src/tempPolyfills.js","statementMap":{"0":{"start":{"line":3,"column":30},"end":{"line":5,"column":1}},"1":{"start":{"line":4,"column":4},"end":{"line":4,"column":28}}},"fnMap":{"0":{"name":"(anonymous_0)","decl":{"start":{"line":3,"column":61},"end":{"line":3,"column":62}},"loc":{"start":{"line":3,"column":73},"end":{"line":5,"column":1}},"line":3}},"branchMap":{},"s":{"0":7,"1":0},"f":{"0":0},"b":{},"_coverageSchema":"332fd63041d2c1bcb487cc26dd0d5f7d97098a6c","hash":"2610f01a798e28ab562037510571c1dbb3e8b8f1"}
,"/Users/joshbryson/react_testing/flashcardpro/src/actions/index.js": {"path":"/Users/joshbryson/react_testing/flashcardpro/src/actions/index.js","statementMap":{"0":{"start":{"line":1,"column":25},"end":{"line":1,"column":36}},"1":{"start":{"line":2,"column":27},"end":{"line":2,"column":40}},"2":{"start":{"line":3,"column":25},"end":{"line":3,"column":36}},"3":{"start":{"line":7,"column":4},"end":{"line":10,"column":6}},"4":{"start":{"line":14,"column":4},"end":{"line":17,"column":6}},"5":{"start":{"line":21,"column":4},"end":{"line":24,"column":5}}},"fnMap":{"0":{"name":"setStack","decl":{"start":{"line":6,"column":16},"end":{"line":6,"column":24}},"loc":{"start":{"line":6,"column":32},"end":{"line":11,"column":1}},"line":6},"1":{"name":"loadStacks","decl":{"start":{"line":13,"column":16},"end":{"line":13,"column":26}},"loc":{"start":{"line":13,"column":35},"end":{"line":18,"column":1}},"line":13},"2":{"name":"addStack","decl":{"start":{"line":20,"column":16},"end":{"line":20,"column":24}},"loc":{"start":{"line":20,"column":32},"end":{"line":25,"column":1}},"line":20}},"branchMap":{},"s":{"0":5,"1":5,"2":5,"3":1,"4":1,"5":1},"f":{"0":1,"1":1,"2":1},"b":{},"_coverageSchema":"332fd63041d2c1bcb487cc26dd0d5f7d97098a6c","hash":"1c325df0ac4ca30f9296de4692f47a46b6e4938e"}
,"/Users/joshbryson/react_testing/flashcardpro/src/components/app.js": {"path":"/Users/joshbryson/react_testing/flashcardpro/src/components/app.js","statementMap":{"0":{"start":{"line":7,"column":8},"end":{"line":17,"column":9}}},"fnMap":{"0":{"name":"(anonymous_0)","decl":{"start":{"line":6,"column":4},"end":{"line":6,"column":5}},"loc":{"start":{"line":6,"column":13},"end":{"line":18,"column":5}},"line":6}},"branchMap":{},"s":{"0":1},"f":{"0":1},"b":{},"_coverageSchema":"332fd63041d2c1bcb487cc26dd0d5f7d97098a6c","hash":"0f7c354ac2c1c8f4c01214a27dbe61d9ea33c3ab"}
,"/Users/joshbryson/react_testing/flashcardpro/src/components/card.js": {"path":"/Users/joshbryson/react_testing/flashcardpro/src/components/card.js","statementMap":{"0":{"start":{"line":5,"column":8},"end":{"line":5,"column":16}},"1":{"start":{"line":7,"column":8},"end":{"line":7,"column":39}},"2":{"start":{"line":11,"column":35},"end":{"line":11,"column":50}},"3":{"start":{"line":13,"column":8},"end":{"line":22,"column":9}},"4":{"start":{"line":14,"column":49},"end":{"line":14,"column":79}}},"fnMap":{"0":{"name":"(anonymous_0)","decl":{"start":{"line":4,"column":4},"end":{"line":4,"column":5}},"loc":{"start":{"line":4,"column":18},"end":{"line":8,"column":5}},"line":4},"1":{"name":"(anonymous_1)","decl":{"start":{"line":10,"column":4},"end":{"line":10,"column":5}},"loc":{"start":{"line":10,"column":13},"end":{"line":23,"column":5}},"line":10},"2":{"name":"(anonymous_2)","decl":{"start":{"line":14,"column":43},"end":{"line":14,"column":44}},"loc":{"start":{"line":14,"column":49},"end":{"line":14,"column":79}},"line":14}},"branchMap":{"0":{"loc":{"start":{"line":17,"column":35},"end":{"line":17,"column":86}},"type":"cond-expr","locations":[{"start":{"line":17,"column":55},"end":{"line":17,"column":70}},{"start":{"line":17,"column":73},"end":{"line":17,"column":86}}],"line":17}},"s":{"0":1,"1":1,"2":3,"3":3,"4":2},"f":{"0":1,"1":3,"2":2},"b":{"0":[2,1]},"_coverageSchema":"332fd63041d2c1bcb487cc26dd0d5f7d97098a6c","hash":"331a13608e2d02fcf6d8996d8da2734f110c1315"}
,"/Users/joshbryson/react_testing/flashcardpro/src/components/stack.js": {"path":"/Users/joshbryson/react_testing/flashcardpro/src/components/stack.js","statementMap":{"0":{"start":{"line":8,"column":33},"end":{"line":8,"column":49}},"1":{"start":{"line":10,"column":8},"end":{"line":25,"column":9}},"2":{"start":{"line":19,"column":24},"end":{"line":21,"column":25}},"3":{"start":{"line":30,"column":4},"end":{"line":30,"column":32}},"4":{"start":{"line":31,"column":4},"end":{"line":31,"column":33}}},"fnMap":{"0":{"name":"(anonymous_0)","decl":{"start":{"line":7,"column":4},"end":{"line":7,"column":5}},"loc":{"start":{"line":7,"column":13},"end":{"line":26,"column":5}},"line":7},"1":{"name":"(anonymous_1)","decl":{"start":{"line":18,"column":30},"end":{"line":18,"column":31}},"loc":{"start":{"line":18,"column":38},"end":{"line":22,"column":21}},"line":18},"2":{"name":"mapStateToProps","decl":{"start":{"line":29,"column":9},"end":{"line":29,"column":24}},"loc":{"start":{"line":29,"column":32},"end":{"line":32,"column":1}},"line":29}},"branchMap":{},"s":{"0":1,"1":1,"2":2,"3":0,"4":0},"f":{"0":1,"1":2,"2":0},"b":{},"_coverageSchema":"332fd63041d2c1bcb487cc26dd0d5f7d97098a6c","hash":"c1c361be196ddf37cca4d6f6c8fd979dcbf4287b"}
,"/Users/joshbryson/react_testing/flashcardpro/src/components/stackform.js": {"path":"/Users/joshbryson/react_testing/flashcardpro/src/components/stackform.js","statementMap":{"0":{"start":{"line":9,"column":8},"end":{"line":9,"column":16}},"1":{"start":{"line":11,"column":8},"end":{"line":14,"column":9}},"2":{"start":{"line":18,"column":26},"end":{"line":18,"column":36}},"3":{"start":{"line":20,"column":8},"end":{"line":20,"column":65}},"4":{"start":{"line":22,"column":8},"end":{"line":22,"column":33}},"5":{"start":{"line":26,"column":26},"end":{"line":26,"column":36}},"6":{"start":{"line":28,"column":8},"end":{"line":28,"column":48}},"7":{"start":{"line":30,"column":8},"end":{"line":30,"column":33}},"8":{"start":{"line":34,"column":8},"end":{"line":34,"column":40}},"9":{"start":{"line":38,"column":8},"end":{"line":79,"column":9}},"10":{"start":{"line":49,"column":56},"end":{"line":49,"column":100}},"11":{"start":{"line":53,"column":28},"end":{"line":70,"column":29}},"12":{"start":{"line":60,"column":63},"end":{"line":60,"column":106}},"13":{"start":{"line":66,"column":63},"end":{"line":66,"column":106}},"14":{"start":{"line":75,"column":39},"end":{"line":75,"column":53}},"15":{"start":{"line":77,"column":39},"end":{"line":77,"column":54}}},"fnMap":{"0":{"name":"(anonymous_0)","decl":{"start":{"line":8,"column":4},"end":{"line":8,"column":5}},"loc":{"start":{"line":8,"column":18},"end":{"line":15,"column":5}},"line":8},"1":{"name":"(anonymous_1)","decl":{"start":{"line":17,"column":4},"end":{"line":17,"column":5}},"loc":{"start":{"line":17,"column":14},"end":{"line":23,"column":5}},"line":17},"2":{"name":"(anonymous_2)","decl":{"start":{"line":25,"column":4},"end":{"line":25,"column":5}},"loc":{"start":{"line":25,"column":39},"end":{"line":31,"column":5}},"line":25},"3":{"name":"(anonymous_3)","decl":{"start":{"line":33,"column":4},"end":{"line":33,"column":5}},"loc":{"start":{"line":33,"column":15},"end":{"line":35,"column":5}},"line":33},"4":{"name":"(anonymous_4)","decl":{"start":{"line":37,"column":4},"end":{"line":37,"column":5}},"loc":{"start":{"line":37,"column":13},"end":{"line":80,"column":5}},"line":37},"5":{"name":"(anonymous_5)","decl":{"start":{"line":49,"column":47},"end":{"line":49,"column":48}},"loc":{"start":{"line":49,"column":56},"end":{"line":49,"column":100}},"line":49},"6":{"name":"(anonymous_6)","decl":{"start":{"line":52,"column":45},"end":{"line":52,"column":46}},"loc":{"start":{"line":52,"column":62},"end":{"line":71,"column":25}},"line":52},"7":{"name":"(anonymous_7)","decl":{"start":{"line":60,"column":54},"end":{"line":60,"column":55}},"loc":{"start":{"line":60,"column":63},"end":{"line":60,"column":106}},"line":60},"8":{"name":"(anonymous_8)","decl":{"start":{"line":66,"column":54},"end":{"line":66,"column":55}},"loc":{"start":{"line":66,"column":63},"end":{"line":66,"column":106}},"line":66},"9":{"name":"(anonymous_9)","decl":{"start":{"line":75,"column":33},"end":{"line":75,"column":34}},"loc":{"start":{"line":75,"column":39},"end":{"line":75,"column":53}},"line":75},"10":{"name":"(anonymous_10)","decl":{"start":{"line":77,"column":33},"end":{"line":77,"column":34}},"loc":{"start":{"line":77,"column":39},"end":{"line":77,"column":54}},"line":77}},"branchMap":{},"s":{"0":1,"1":1,"2":5,"3":5,"4":5,"5":2,"6":2,"7":2,"8":0,"9":14,"10":1,"11":7,"12":1,"13":1,"14":5,"15":0},"f":{"0":1,"1":5,"2":2,"3":0,"4":14,"5":1,"6":7,"7":1,"8":1,"9":5,"10":0},"b":{},"_coverageSchema":"332fd63041d2c1bcb487cc26dd0d5f7d97098a6c","hash":"1b494f6ff64c60ebb8e4c10ad19a7f24e5597870"}
,"/Users/joshbryson/react_testing/flashcardpro/src/components/stacklist.js": {"path":"/Users/joshbryson/react_testing/flashcardpro/src/components/stacklist.js","statementMap":{"0":{"start":{"line":9,"column":8},"end":{"line":9,"column":74}},"1":{"start":{"line":9,"column":44},"end":{"line":9,"column":74}},"2":{"start":{"line":13,"column":8},"end":{"line":29,"column":9}},"3":{"start":{"line":17,"column":24},"end":{"line":25,"column":25}},"4":{"start":{"line":21,"column":47},"end":{"line":21,"column":73}},"5":{"start":{"line":34,"column":4},"end":{"line":34,"column":36}}},"fnMap":{"0":{"name":"(anonymous_0)","decl":{"start":{"line":8,"column":4},"end":{"line":8,"column":5}},"loc":{"start":{"line":8,"column":24},"end":{"line":10,"column":5}},"line":8},"1":{"name":"(anonymous_1)","decl":{"start":{"line":12,"column":4},"end":{"line":12,"column":5}},"loc":{"start":{"line":12,"column":13},"end":{"line":30,"column":5}},"line":12},"2":{"name":"(anonymous_2)","decl":{"start":{"line":16,"column":42},"end":{"line":16,"column":43}},"loc":{"start":{"line":16,"column":51},"end":{"line":26,"column":21}},"line":16},"3":{"name":"(anonymous_3)","decl":{"start":{"line":21,"column":41},"end":{"line":21,"column":42}},"loc":{"start":{"line":21,"column":47},"end":{"line":21,"column":73}},"line":21},"4":{"name":"mapStateToProps","decl":{"start":{"line":33,"column":9},"end":{"line":33,"column":24}},"loc":{"start":{"line":33,"column":32},"end":{"line":35,"column":1}},"line":33}},"branchMap":{"0":{"loc":{"start":{"line":9,"column":8},"end":{"line":9,"column":74}},"type":"if","locations":[{"start":{"line":9,"column":8},"end":{"line":9,"column":74}},{"start":{"line":9,"column":8},"end":{"line":9,"column":74}}],"line":9}},"s":{"0":0,"1":0,"2":1,"3":1,"4":0,"5":0},"f":{"0":0,"1":1,"2":1,"3":0,"4":0},"b":{"0":[0,0]},"_coverageSchema":"332fd63041d2c1bcb487cc26dd0d5f7d97098a6c","hash":"8fef05cd3cb8e23d57ad0c0469b1c10935e5ea81"}
,"/Users/joshbryson/react_testing/flashcardpro/src/data/fixtures.js": {"path":"/Users/joshbryson/react_testing/flashcardpro/src/data/fixtures.js","statementMap":{"0":{"start":{"line":1,"column":21},"end":{"line":8,"column":3}},"1":{"start":{"line":10,"column":24},"end":{"line":10,"column":31}}},"fnMap":{},"branchMap":{},"s":{"0":4,"1":4},"f":{},"b":{},"_coverageSchema":"332fd63041d2c1bcb487cc26dd0d5f7d97098a6c","hash":"82f0576fa5f1c0c48a9a7a68f8a6c4dc1849db9c"}
,"/Users/joshbryson/react_testing/flashcardpro/src/reducers/index.js": {"path":"/Users/joshbryson/react_testing/flashcardpro/src/reducers/index.js","statementMap":{"0":{"start":{"line":5,"column":4},"end":{"line":10,"column":5}},"1":{"start":{"line":7,"column":12},"end":{"line":7,"column":32}},"2":{"start":{"line":9,"column":11},"end":{"line":9,"column":24}},"3":{"start":{"line":14,"column":4},"end":{"line":21,"column":5}},"4":{"start":{"line":16,"column":12},"end":{"line":16,"column":33}},"5":{"start":{"line":18,"column":12},"end":{"line":18,"column":68}},"6":{"start":{"line":20,"column":12},"end":{"line":20,"column":25}}},"fnMap":{"0":{"name":"stack","decl":{"start":{"line":4,"column":9},"end":{"line":4,"column":14}},"loc":{"start":{"line":4,"column":35},"end":{"line":11,"column":1}},"line":4},"1":{"name":"stacks","decl":{"start":{"line":13,"column":9},"end":{"line":13,"column":15}},"loc":{"start":{"line":13,"column":36},"end":{"line":22,"column":1}},"line":13}},"branchMap":{"0":{"loc":{"start":{"line":4,"column":15},"end":{"line":4,"column":25}},"type":"default-arg","locations":[{"start":{"line":4,"column":23},"end":{"line":4,"column":25}}],"line":4},"1":{"loc":{"start":{"line":5,"column":4},"end":{"line":10,"column":5}},"type":"switch","locations":[{"start":{"line":6,"column":8},"end":{"line":7,"column":32}},{"start":{"line":8,"column":8},"end":{"line":9,"column":24}}],"line":5},"2":{"loc":{"start":{"line":13,"column":16},"end":{"line":13,"column":26}},"type":"default-arg","locations":[{"start":{"line":13,"column":24},"end":{"line":13,"column":26}}],"line":13},"3":{"loc":{"start":{"line":14,"column":4},"end":{"line":21,"column":5}},"type":"switch","locations":[{"start":{"line":15,"column":8},"end":{"line":16,"column":33}},{"start":{"line":17,"column":8},"end":{"line":18,"column":68}},{"start":{"line":19,"column":8},"end":{"line":20,"column":25}}],"line":14}},"s":{"0":6,"1":1,"2":5,"3":6,"4":1,"5":1,"6":4},"f":{"0":6,"1":6},"b":{"0":[6],"1":[1,5],"2":[6],"3":[1,1,4]},"_coverageSchema":"332fd63041d2c1bcb487cc26dd0d5f7d97098a6c","hash":"a5a3267c5343611cdf6900f1dba49eb95be0d139"}
}
