TN:
SF:/Users/joshbryson/react_testing/flashcardpro/src/index.js
FN:11,_interopRequireDefault
FN:14,(anonymous_1)
FNF:2
FNH:0
FNDA:0,_interopRequireDefault
FNDA:0,(anonymous_1)
DA:1,0
DA:2,0
DA:3,0
DA:4,0
DA:5,0
DA:6,0
DA:7,0
DA:8,0
DA:9,0
DA:10,0
DA:11,0
DA:13,0
DA:14,0
DA:15,0
DA:17,0
LF:15
LH:0
BRDA:11,0,0,0
BRDA:11,0,1,0
BRDA:11,1,0,0
BRDA:11,1,1,0
BRF:4
BRH:0
end_of_record
TN:
SF:/Users/joshbryson/react_testing/flashcardpro/src/setupTests.js
FNF:0
FNH:0
DA:6,7
LF:1
LH:1
BRF:0
BRH:0
end_of_record
TN:
SF:/Users/joshbryson/react_testing/flashcardpro/src/tempPolyfills.js
FN:3,(anonymous_0)
FNF:1
FNH:0
FNDA:0,(anonymous_0)
DA:3,7
DA:4,0
LF:2
LH:1
BRF:0
BRH:0
end_of_record
TN:
SF:/Users/joshbryson/react_testing/flashcardpro/src/actions/index.js
FN:6,setStack
FN:13,loadStacks
FN:20,addStack
FNF:3
FNH:3
FNDA:1,setStack
FNDA:1,loadStacks
FNDA:1,addStack
DA:1,5
DA:2,5
DA:3,5
DA:7,1
DA:14,1
DA:21,1
LF:6
LH:6
BRF:0
BRH:0
end_of_record
TN:
SF:/Users/joshbryson/react_testing/flashcardpro/src/components/app.js
FN:6,(anonymous_0)
FNF:1
FNH:1
FNDA:1,(anonymous_0)
DA:7,1
LF:1
LH:1
BRF:0
BRH:0
end_of_record
TN:
SF:/Users/joshbryson/react_testing/flashcardpro/src/components/card.js
FN:4,(anonymous_0)
FN:10,(anonymous_1)
FN:14,(anonymous_2)
FNF:3
FNH:3
FNDA:1,(anonymous_0)
FNDA:3,(anonymous_1)
FNDA:2,(anonymous_2)
DA:5,1
DA:7,1
DA:11,3
DA:13,3
DA:14,2
LF:5
LH:5
BRDA:17,0,0,2
BRDA:17,0,1,1
BRF:2
BRH:2
end_of_record
TN:
SF:/Users/joshbryson/react_testing/flashcardpro/src/components/stack.js
FN:7,(anonymous_0)
FN:18,(anonymous_1)
FN:29,mapStateToProps
FNF:3
FNH:2
FNDA:1,(anonymous_0)
FNDA:2,(anonymous_1)
FNDA:0,mapStateToProps
DA:8,1
DA:10,1
DA:19,2
DA:30,0
DA:31,0
LF:5
LH:3
BRF:0
BRH:0
end_of_record
TN:
SF:/Users/joshbryson/react_testing/flashcardpro/src/components/stackform.js
FN:8,(anonymous_0)
FN:17,(anonymous_1)
FN:25,(anonymous_2)
FN:33,(anonymous_3)
FN:37,(anonymous_4)
FN:49,(anonymous_5)
FN:52,(anonymous_6)
FN:60,(anonymous_7)
FN:66,(anonymous_8)
FN:75,(anonymous_9)
FN:77,(anonymous_10)
FNF:11
FNH:9
FNDA:1,(anonymous_0)
FNDA:5,(anonymous_1)
FNDA:2,(anonymous_2)
FNDA:0,(anonymous_3)
FNDA:14,(anonymous_4)
FNDA:1,(anonymous_5)
FNDA:7,(anonymous_6)
FNDA:1,(anonymous_7)
FNDA:1,(anonymous_8)
FNDA:5,(anonymous_9)
FNDA:0,(anonymous_10)
DA:9,1
DA:11,1
DA:18,5
DA:20,5
DA:22,5
DA:26,2
DA:28,2
DA:30,2
DA:34,0
DA:38,14
DA:49,1
DA:53,7
DA:60,1
DA:66,1
DA:75,5
DA:77,0
LF:16
LH:14
BRF:0
BRH:0
end_of_record
TN:
SF:/Users/joshbryson/react_testing/flashcardpro/src/components/stacklist.js
FN:8,(anonymous_0)
FN:12,(anonymous_1)
FN:16,(anonymous_2)
FN:21,(anonymous_3)
FN:33,mapStateToProps
FNF:5
FNH:2
FNDA:0,(anonymous_0)
FNDA:1,(anonymous_1)
FNDA:1,(anonymous_2)
FNDA:0,(anonymous_3)
FNDA:0,mapStateToProps
DA:9,0
DA:13,1
DA:17,1
DA:21,0
DA:34,0
LF:5
LH:2
BRDA:9,0,0,0
BRDA:9,0,1,0
BRF:2
BRH:0
end_of_record
TN:
SF:/Users/joshbryson/react_testing/flashcardpro/src/data/fixtures.js
FNF:0
FNH:0
DA:1,4
DA:10,4
LF:2
LH:2
BRF:0
BRH:0
end_of_record
TN:
SF:/Users/joshbryson/react_testing/flashcardpro/src/reducers/index.js
FN:4,stack
FN:13,stacks
FNF:2
FNH:2
FNDA:6,stack
FNDA:6,stacks
DA:5,6
DA:7,1
DA:9,5
DA:14,6
DA:16,1
DA:18,1
DA:20,4
LF:7
LH:7
BRDA:4,0,0,6
BRDA:5,1,0,1
BRDA:5,1,1,5
BRDA:13,2,0,6
BRDA:14,3,0,1
BRDA:14,3,1,1
BRDA:14,3,2,4
BRF:7
BRH:7
end_of_record
